Mplus VERSION 7.4
MUTHEN & MUTHEN
07/06/2017   9:28 AM

INPUT INSTRUCTIONS

  TITLE:
    Study 3 in: Kupor, Daniella M and Zakary L. Tormala (2015),
    "Persuasion, Interrupted: The Effect of Momentary Interruptions
    on Message Processing and Persuasion," Journal of Consumer Research,
    vol 42, 300-315.
    ! Comments are behind exclamation mark (!)
    ! SSD data analysis

    ! Data are partially standardized (= ps)
    ! Gives the same results as in the appendix of the meaningful mediation paper
  DATA:
    FILE = Coffee_ssd_ps.dat;              ! Data are partially standardized
    TYPE = means stdeviations correlation; ! Information in SSD file
    NOBSERVATIONS = 223;                   ! Sample size
  VARIABLE:
    NAMES = conditio curiosit tho_fav beh_int;
  MODEL:
    curiosit ON conditio (a1);        ! curiosity <- condition (a1-path)
    tho_fav  ON conditio (a2);        ! and so on. Labels are between (), and ..
    tho_fav  ON curiosit (d);         ! .. are referred to later in NEW
    beh_int  ON conditio (cp);
    beh_int  ON curiosit (b1);
    beh_int  ON tho_fav  (b2);
  MODEL CONSTRAINT:
    ! make NEW variables from the earlier labels between ()
    NEW (a1b1 a2b2 a1db2 totmed total pm_a1db2 pm_tot dif_d);
    a1b1 = a1*b1;                     ! Effect of conditio on beh_int via curiosity
    a2b2 = a2*b2;                     ! Effect of conditio on beh_int via tho_fav
    a1db2 = a1*d*b2;                  ! Sequential mediation
    totmed = a1b1 + a2b2 + a1db2;     ! Total mediation: sum of 3 mediated paths
    total = totmed + cp;              ! Total effect
    pm_a1db2 = a1db2 / total;         ! Percentage mediated serial
    pm_tot = totmed / total;          ! Percentage mediated total
    dif_d  = totmed - cp;             ! Difference test: total indirect - conditional direct
  OUTPUT:
    STDY;                             ! R-square



INPUT READING TERMINATED NORMALLY




Study 3 in: Kupor, Daniella M and Zakary L. Tormala (2015),
"Persuasion, Interrupted: The Effect of Momentary Interruptions
on Message Processing and Persuasion," Journal of Consumer Research,
vol 42, 300-315.

SUMMARY OF ANALYSIS

Number of groups                                                 1
Number of observations                                         223

Number of dependent variables                                    3
Number of independent variables                                  1
Number of continuous latent variables                            0

Observed dependent variables

  Continuous
   CURIOSIT    THO_FAV     BEH_INT

Observed independent variables
   CONDITIO


Estimator                                                       ML
Information matrix                                        EXPECTED
Maximum number of iterations                                  1000
Convergence criterion                                    0.500D-04
Maximum number of steepest descent iterations                   20

Input data file(s)
  Coffee_ssd_ps.dat

Input data format  FREE



THE MODEL ESTIMATION TERMINATED NORMALLY



MODEL FIT INFORMATION

Number of Free Parameters                       12

Loglikelihood

          H0 Value                        -904.284
          H1 Value                        -904.284

Information Criteria

          Akaike (AIC)                    1832.568
          Bayesian (BIC)                  1873.454
          Sample-Size Adjusted BIC        1835.425
            (n* = (n + 2) / 24)

Chi-Square Test of Model Fit

          Value                              0.000
          Degrees of Freedom                     0
          P-Value                           0.0000

RMSEA (Root Mean Square Error Of Approximation)

          Estimate                           0.000
          90 Percent C.I.                    0.000  0.000
          Probability RMSEA <= .05           0.000

CFI/TLI

          CFI                                1.000
          TLI                                1.000

Chi-Square Test of Model Fit for the Baseline Model

          Value                             86.965
          Degrees of Freedom                     6
          P-Value                           0.0000

SRMR (Standardized Root Mean Square Residual)

          Value                              0.000



MODEL RESULTS

                                                    Two-Tailed
                    Estimate       S.E.  Est./S.E.    P-Value

 CURIOSIT ON
    CONDITIO           0.321      0.132      2.434      0.015

 THO_FAV  ON
    CONDITIO           0.257      0.131      1.959      0.050
    CURIOSIT           0.186      0.066      2.830      0.005

 BEH_INT  ON
    CONDITIO           0.231      0.117      1.968      0.049
    CURIOSIT           0.267      0.059      4.493      0.000
    THO_FAV            0.341      0.059      5.753      0.000

 Intercepts
    CURIOSIT          -0.164      0.094     -1.740      0.082
    THO_FAV           -0.131      0.093     -1.409      0.159
    BEH_INT           -0.118      0.083     -1.422      0.155

 Residual Variances
    CURIOSIT           0.970      0.092     10.559      0.000
    THO_FAV            0.937      0.089     10.559      0.000
    BEH_INT            0.735      0.070     10.559      0.000

New/Additional Parameters
    A1B1               0.086      0.040      2.140      0.032
    A2B2               0.088      0.047      1.855      0.064
    A1DB2              0.020      0.012      1.757      0.079
    TOTMED             0.194      0.067      2.910      0.004
    TOTAL              0.425      0.131      3.254      0.001
    PM_A1DB2           0.048      0.028      1.730      0.084
    PM_TOT             0.456      0.157      2.900      0.004
    DIF_D             -0.037      0.139     -0.267      0.790


STANDARDIZED MODEL RESULTS


STDY Standardization

                                                    Two-Tailed
                    Estimate       S.E.  Est./S.E.    P-Value

 CURIOSIT ON
    CONDITIO           0.322      0.130      2.483      0.013

 THO_FAV  ON
    CONDITIO           0.258      0.130      1.983      0.047
    CURIOSIT           0.186      0.065      2.878      0.004

 BEH_INT  ON
    CONDITIO           0.232      0.117      1.985      0.047
    CURIOSIT           0.267      0.058      4.621      0.000
    THO_FAV            0.341      0.056      6.053      0.000

 Intercepts
    CURIOSIT          -0.164      0.094     -1.757      0.079
    THO_FAV           -0.132      0.093     -1.418      0.156
    BEH_INT           -0.118      0.083     -1.428      0.153

 Residual Variances
    CURIOSIT           0.974      0.021     46.407      0.000
    THO_FAV            0.941      0.031     30.729      0.000
    BEH_INT            0.739      0.051     14.608      0.000


R-SQUARE

    Observed                                        Two-Tailed
    Variable        Estimate       S.E.  Est./S.E.    P-Value

    CURIOSIT           0.026      0.021      1.233      0.217
    THO_FAV            0.059      0.031      1.928      0.054
    BEH_INT            0.261      0.051      5.166      0.000


QUALITY OF NUMERICAL RESULTS

     Condition Number for the Information Matrix              0.106E+00
       (ratio of smallest to largest eigenvalue)


DIAGRAM INFORMATION

  Use View Diagram under the Diagram menu in the Mplus Editor to view the diagram.
  If running Mplus from the Mplus Diagrammer, the diagram opens automatically.

  Diagram output
    f:\research\mediation\jcr_tutorial\text\version 2\cases studies\kupor&tormala(2015)\ssd\mediatio

     Beginning Time:  09:28:13
        Ending Time:  09:28:14
       Elapsed Time:  00:00:01



MUTHEN & MUTHEN
3463 Stoner Ave.
Los Angeles, CA  90066

Tel: (310) 391-9971
Fax: (310) 391-8971
Web: www.StatModel.com
Support: Support@StatModel.com

Copyright (c) 1998-2015 Muthen & Muthen
