Mplus VERSION 7.4
MUTHEN & MUTHEN
07/04/2017  10:39 PM

INPUT INSTRUCTIONS

  TITLE:
   MONTE SIMULATION TO ESTIMATE STATISTICAL POWER
    Study 3 in: Kupor, Daniella M and Zakary L. Tormala (2015),
    "Persuasion, Interrupted: The Effect of Momentary Interruptions
    on Message Processing and Persuasion," Journal of Consumer Research,
    vol 42, 300-315.

    ! assesses the statistical power of the results,
    ! using Monte Carlo analysis, with estimated parameters
    ! following Muthen, Muthen, and Asparouhov (2016) and references there
  MONTECARLO:
    NAMES = conditio beh_int tho_fav curiosit;
    NOBSERVATIONS = 223; ! sample size
    NREPS = 1000;        ! 1000 replication samples generated
  MODEL POPULATION:
    [conditio@0.501]; conditio@.251; ! observed mean and variance of X
    curiosit ON conditio*0.321 (a1); ! parameter estimates of partially stand results
    tho_fav  ON conditio*0.257 (a2);
    tho_fav  ON curiosit*0.186 (d);
    beh_int  ON conditio*0.233 (cp);
    beh_int  ON curiosit*0.267 (b1);
    beh_int  ON tho_fav*0.342 (b2);
    [beh_int*-.119];  ! intercept
    [tho_fav*-.131];
    [curiosit*-.164];
    beh_int*0.739;  ! residual variance
    tho_fav*0.941;
    curiosit*0.974;
  MODEL:
    [conditio@0.501]; conditio@.251; ! observed mean and variance of X
    curiosit ON conditio*0.321 (a1);
    tho_fav  ON conditio*0.257 (a2);
    tho_fav  ON curiosit*0.186 (d);
    beh_int  ON conditio*0.233 (cp);
    beh_int  ON curiosit*0.267 (b1);
    beh_int  ON tho_fav*0.342 (b2);
    [beh_int*-.119];  ! intercept
    [tho_fav*-.131];
    [curiosit*-.164];
    beh_int*0.739;  ! residual variance
    tho_fav*0.941;
    curiosit*0.974;
  MODEL CONSTRAINT:
    NEW(a1b1*0.086 a2b2*0.088 a1db2*0.020 totmed*0.194 total*0.426);
    a1b1 = a1*b1;
    a2b2 = a2*b2;
    a1db2 = a1*d*b2;
    totmed = a1b1 + a2b2 + a1db2;
    total = totmed + cp;



INPUT READING TERMINATED NORMALLY




MONTE SIMULATION TO ESTIMATE STATISTICAL POWER
Study 3 in: Kupor, Daniella M and Zakary L. Tormala (2015),
"Persuasion, Interrupted: The Effect of Momentary Interruptions
on Message Processing and Persuasion," Journal of Consumer Research,
vol 42, 300-315.

SUMMARY OF ANALYSIS

Number of groups                                                 1
Number of observations                                         223

Number of replications
    Requested                                                 1000
    Completed                                                 1000
Value of seed                                                    0

Number of dependent variables                                    3
Number of independent variables                                  1
Number of continuous latent variables                            0

Observed dependent variables

  Continuous
   BEH_INT     THO_FAV     CURIOSIT

Observed independent variables
   CONDITIO


Estimator                                                       ML
Information matrix                                        OBSERVED
Maximum number of iterations                                  1000
Convergence criterion                                    0.500D-04
Maximum number of steepest descent iterations                   20



SAMPLE STATISTICS FOR THE FIRST REPLICATION


     SAMPLE STATISTICS


           Means
              BEH_INT       THO_FAV       CURIOSIT      CONDITIO
              ________      ________      ________      ________
      1        -0.021         0.053        -0.072         0.516


           Covariances
              BEH_INT       THO_FAV       CURIOSIT      CONDITIO
              ________      ________      ________      ________
 BEH_INT        0.998
 THO_FAV        0.472         1.042
 CURIOSIT       0.428         0.261         1.088
 CONDITIO       0.125         0.042         0.073         0.248


           Correlations
              BEH_INT       THO_FAV       CURIOSIT      CONDITIO
              ________      ________      ________      ________
 BEH_INT        1.000
 THO_FAV        0.463         1.000
 CURIOSIT       0.411         0.245         1.000
 CONDITIO       0.252         0.083         0.140         1.000


MODEL FIT INFORMATION

Number of Free Parameters                       12

Loglikelihood

    H0 Value

        Mean                             -1062.386
        Std Dev                             21.216
        Number of successful computations     1000

             Proportions                   Percentiles
        Expected    Observed         Expected       Observed
           0.990       0.989        -1111.741      -1113.029
           0.980       0.981        -1105.957      -1105.613
           0.950       0.953        -1097.284      -1096.675
           0.900       0.905        -1089.576      -1089.299
           0.800       0.804        -1080.241      -1080.055
           0.700       0.709        -1073.511      -1073.263
           0.500       0.485        -1062.386      -1063.066
           0.300       0.299        -1051.260      -1051.553
           0.200       0.189        -1044.530      -1045.644
           0.100       0.102        -1035.195      -1035.133
           0.050       0.064        -1027.487      -1025.388
           0.020       0.027        -1018.814      -1016.130
           0.010       0.016        -1013.030      -1011.283

    H1 Value

        Mean                             -1061.378
        Std Dev                             21.233
        Number of successful computations     1000

             Proportions                   Percentiles
        Expected    Observed         Expected       Observed
           0.990       0.991        -1110.772      -1110.162
           0.980       0.983        -1104.984      -1103.630
           0.950       0.958        -1096.304      -1095.346
           0.900       0.905        -1088.590      -1088.320
           0.800       0.807        -1079.248      -1078.855
           0.700       0.705        -1072.513      -1072.154
           0.500       0.486        -1061.378      -1061.942
           0.300       0.292        -1050.244      -1050.691
           0.200       0.184        -1043.509      -1044.862
           0.100       0.098        -1034.166      -1034.979
           0.050       0.067        -1026.452      -1024.395
           0.020       0.027        -1017.772      -1015.216
           0.010       0.018        -1011.984      -1009.733

Information Criteria

    Akaike (AIC)

        Mean                              2148.771
        Std Dev                             42.432
        Number of successful computations     1000

             Proportions                   Percentiles
        Expected    Observed         Expected       Observed
           0.990       0.984         2050.061       2045.225
           0.980       0.973         2061.628       2055.730
           0.950       0.936         2078.974       2074.670
           0.900       0.898         2094.390       2094.047
           0.800       0.811         2113.060       2115.117
           0.700       0.701         2126.520       2126.919
           0.500       0.515         2148.771       2150.037
           0.300       0.291         2171.023       2170.330
           0.200       0.196         2184.482       2183.873
           0.100       0.095         2203.152       2202.330
           0.050       0.047         2218.568       2216.381
           0.020       0.019         2235.914       2232.948
           0.010       0.011         2247.481       2249.791

    Bayesian (BIC)

        Mean                              2189.657
        Std Dev                             42.432
        Number of successful computations     1000

             Proportions                   Percentiles
        Expected    Observed         Expected       Observed
           0.990       0.984         2090.947       2086.111
           0.980       0.973         2102.514       2096.616
           0.950       0.936         2119.860       2115.556
           0.900       0.898         2135.276       2134.933
           0.800       0.811         2153.946       2156.003
           0.700       0.701         2167.406       2167.805
           0.500       0.515         2189.657       2190.923
           0.300       0.291         2211.909       2211.216
           0.200       0.196         2225.368       2224.759
           0.100       0.095         2244.038       2243.216
           0.050       0.047         2259.454       2257.267
           0.020       0.019         2276.800       2273.834
           0.010       0.011         2288.367       2290.677

    Sample-Size Adjusted BIC (n* = (n + 2) / 24)

        Mean                              2151.628
        Std Dev                             42.432
        Number of successful computations     1000

             Proportions                   Percentiles
        Expected    Observed         Expected       Observed
           0.990       0.984         2052.917       2048.082
           0.980       0.973         2064.484       2058.586
           0.950       0.936         2081.831       2077.526
           0.900       0.898         2097.246       2096.903
           0.800       0.811         2115.917       2117.973
           0.700       0.701         2129.376       2129.776
           0.500       0.515         2151.628       2152.893
           0.300       0.291         2173.879       2173.186
           0.200       0.196         2187.339       2186.729
           0.100       0.095         2206.009       2205.186
           0.050       0.047         2221.425       2219.238
           0.020       0.019         2238.771       2235.805
           0.010       0.011         2250.338       2252.648

Chi-Square Test of Model Fit

        Degrees of freedom                       2

        Mean                                 2.015
        Std Dev                              2.007
        Number of successful computations     1000

             Proportions                   Percentiles
        Expected    Observed         Expected       Observed
           0.990       0.990            0.020          0.018
           0.980       0.977            0.040          0.036
           0.950       0.946            0.103          0.093
           0.900       0.902            0.211          0.211
           0.800       0.796            0.446          0.435
           0.700       0.691            0.713          0.682
           0.500       0.500            1.386          1.383
           0.300       0.300            2.408          2.407
           0.200       0.211            3.219          3.290
           0.100       0.110            4.605          4.842
           0.050       0.049            5.991          5.812
           0.020       0.017            7.824          7.477
           0.010       0.010            9.210          8.945

RMSEA (Root Mean Square Error Of Approximation)

        Mean                                 0.022
        Std Dev                              0.035
        Number of successful computations     1000

             Proportions                   Percentiles
        Expected    Observed         Expected       Observed
           0.990       1.000           -0.058          0.000
           0.980       1.000           -0.049          0.000
           0.950       1.000           -0.035          0.000
           0.900       1.000           -0.022          0.000
           0.800       1.000           -0.007          0.000
           0.700       0.366            0.004          0.000
           0.500       0.333            0.022          0.000
           0.300       0.255            0.041          0.030
           0.200       0.212            0.052          0.054
           0.100       0.152            0.067          0.080
           0.050       0.102            0.079          0.092
           0.020       0.050            0.094          0.111
           0.010       0.035            0.103          0.125

SRMR (Standardized Root Mean Square Residual)

        Mean                                 0.030
        Std Dev                              0.017
        Number of successful computations     1000

             Proportions                   Percentiles
        Expected    Observed         Expected       Observed
           0.990       1.000           -0.010          0.003
           0.980       1.000           -0.006          0.004
           0.950       0.997            0.002          0.007
           0.900       0.944            0.008          0.011
           0.800       0.791            0.016          0.015
           0.700       0.639            0.021          0.019
           0.500       0.436            0.030          0.027
           0.300       0.264            0.039          0.036
           0.200       0.193            0.045          0.044
           0.100       0.115            0.052          0.055
           0.050       0.078            0.059          0.065
           0.020       0.045            0.066          0.072
           0.010       0.024            0.071          0.081


MODEL RESULTS

                              ESTIMATES              S. E.     M. S. E.  95%  % Sig
                 Population   Average   Std. Dev.   Average             Cover Coeff
 CURIOSIT ON
  CONDITIO            0.321     0.3187     0.1316     0.1319     0.0173 0.947 0.675

 THO_FAV  ON
  CONDITIO            0.257     0.2566     0.1353     0.1314     0.0183 0.943 0.497
  CURIOSIT            0.186     0.1877     0.0682     0.0659     0.0047 0.943 0.812

 BEH_INT  ON
  CONDITIO            0.233     0.2345     0.1170     0.1175     0.0137 0.948 0.530
  CURIOSIT            0.267     0.2642     0.0628     0.0594     0.0039 0.931 0.991
  THO_FAV             0.342     0.3406     0.0612     0.0593     0.0037 0.947 1.000

 Means
  CONDITIO            0.501     0.5010     0.0000     0.0000     0.0000 1.000 0.000

 Intercepts
  BEH_INT            -0.119    -0.1202     0.0803     0.0823     0.0064 0.946 0.312
  THO_FAV            -0.131    -0.1291     0.0973     0.0924     0.0095 0.939 0.311
  CURIOSIT           -0.164    -0.1616     0.0934     0.0933     0.0087 0.957 0.413

 Variances
  CONDITIO            0.251     0.2510     0.0000     0.0000     0.0000 1.000 0.000

 Residual Variances
  BEH_INT             0.739     0.7267     0.0687     0.0688     0.0049 0.936 1.000
  THO_FAV             0.941     0.9298     0.0874     0.0881     0.0078 0.935 1.000
  CURIOSIT            0.974     0.9651     0.0924     0.0914     0.0086 0.934 1.000

New/Additional Parameters
  A1B1                0.086     0.0841     0.0410     0.0405     0.0017 0.929 0.557
  A2B2                0.088     0.0875     0.0492     0.0480     0.0024 0.939 0.432
  A1DB2               0.020     0.0204     0.0123     0.0121     0.0002 0.913 0.229
  TOTMED              0.194     0.1919     0.0703     0.0678     0.0049 0.929 0.837
  TOTAL               0.426     0.4264     0.1292     0.1306     0.0167 0.952 0.908


QUALITY OF NUMERICAL RESULTS

     Average Condition Number for the Information Matrix      0.224E-02
       (ratio of smallest to largest eigenvalue)


TECHNICAL OUTPUT


     PARAMETER SPECIFICATION


           NU
              BEH_INT       THO_FAV       CURIOSIT      CONDITIO
              ________      ________      ________      ________
      1           0             0             0             0


           LAMBDA
              BEH_INT       THO_FAV       CURIOSIT      CONDITIO
              ________      ________      ________      ________
 BEH_INT            0             0             0             0
 THO_FAV            0             0             0             0
 CURIOSIT           0             0             0             0
 CONDITIO           0             0             0             0


           THETA
              BEH_INT       THO_FAV       CURIOSIT      CONDITIO
              ________      ________      ________      ________
 BEH_INT            0
 THO_FAV            0             0
 CURIOSIT           0             0             0
 CONDITIO           0             0             0             0


           ALPHA
              BEH_INT       THO_FAV       CURIOSIT      CONDITIO
              ________      ________      ________      ________
      1           1             2             3             0


           BETA
              BEH_INT       THO_FAV       CURIOSIT      CONDITIO
              ________      ________      ________      ________
 BEH_INT            0             4             5             6
 THO_FAV            0             0             7             8
 CURIOSIT           0             0             0             9
 CONDITIO           0             0             0             0


           PSI
              BEH_INT       THO_FAV       CURIOSIT      CONDITIO
              ________      ________      ________      ________
 BEH_INT           10
 THO_FAV            0            11
 CURIOSIT           0             0            12
 CONDITIO           0             0             0             0


     PARAMETER SPECIFICATION FOR THE ADDITIONAL PARAMETERS


           New/Additional Parameters
              A1B1          A2B2          A1DB2         TOTMED        TOTAL
              ________      ________      ________      ________      ________
 1                 13            14            15            16            17


     STARTING VALUES


           NU
              BEH_INT       THO_FAV       CURIOSIT      CONDITIO
              ________      ________      ________      ________
      1         0.000         0.000         0.000         0.000


           LAMBDA
              BEH_INT       THO_FAV       CURIOSIT      CONDITIO
              ________      ________      ________      ________
 BEH_INT        1.000         0.000         0.000         0.000
 THO_FAV        0.000         1.000         0.000         0.000
 CURIOSIT       0.000         0.000         1.000         0.000
 CONDITIO       0.000         0.000         0.000         1.000


           THETA
              BEH_INT       THO_FAV       CURIOSIT      CONDITIO
              ________      ________      ________      ________
 BEH_INT        0.000
 THO_FAV        0.000         0.000
 CURIOSIT       0.000         0.000         0.000
 CONDITIO       0.000         0.000         0.000         0.000


           ALPHA
              BEH_INT       THO_FAV       CURIOSIT      CONDITIO
              ________      ________      ________      ________
      1        -0.119        -0.131        -0.164         0.501


           BETA
              BEH_INT       THO_FAV       CURIOSIT      CONDITIO
              ________      ________      ________      ________
 BEH_INT        0.000         0.342         0.267         0.233
 THO_FAV        0.000         0.000         0.186         0.257
 CURIOSIT       0.000         0.000         0.000         0.321
 CONDITIO       0.000         0.000         0.000         0.000


           PSI
              BEH_INT       THO_FAV       CURIOSIT      CONDITIO
              ________      ________      ________      ________
 BEH_INT        0.739
 THO_FAV        0.000         0.941
 CURIOSIT       0.000         0.000         0.974
 CONDITIO       0.000         0.000         0.000         0.251


     STARTING VALUES FOR THE ADDITIONAL PARAMETERS


           New/Additional Parameters
              A1B1          A2B2          A1DB2         TOTMED        TOTAL
              ________      ________      ________      ________      ________
 1              0.086         0.088         0.020         0.194         0.426


     POPULATION VALUES


           NU
              BEH_INT       THO_FAV       CURIOSIT      CONDITIO
              ________      ________      ________      ________
 1              0.000         0.000         0.000         0.000


           LAMBDA
              BEH_INT       THO_FAV       CURIOSIT      CONDITIO
              ________      ________      ________      ________
 BEH_INT        1.000         0.000         0.000         0.000
 THO_FAV        0.000         1.000         0.000         0.000
 CURIOSIT       0.000         0.000         1.000         0.000
 CONDITIO       0.000         0.000         0.000         1.000


           THETA
              BEH_INT       THO_FAV       CURIOSIT      CONDITIO
              ________      ________      ________      ________
 BEH_INT        0.000
 THO_FAV        0.000         0.000
 CURIOSIT       0.000         0.000         0.000
 CONDITIO       0.000         0.000         0.000         0.000


           ALPHA
              BEH_INT       THO_FAV       CURIOSIT      CONDITIO
              ________      ________      ________      ________
 1             -0.119        -0.131        -0.164         0.501


           BETA
              BEH_INT       THO_FAV       CURIOSIT      CONDITIO
              ________      ________      ________      ________
 BEH_INT        0.000         0.342         0.267         0.233
 THO_FAV        0.000         0.000         0.186         0.257
 CURIOSIT       0.000         0.000         0.000         0.321
 CONDITIO       0.000         0.000         0.000         0.000


           PSI
              BEH_INT       THO_FAV       CURIOSIT      CONDITIO
              ________      ________      ________      ________
 BEH_INT        0.739
 THO_FAV        0.000         0.941
 CURIOSIT       0.000         0.000         0.974
 CONDITIO       0.000         0.000         0.000         0.251


DIAGRAM INFORMATION

  Mplus diagrams are currently not available for Monte Carlo analysis.
  No diagram output was produced.


     Beginning Time:  22:39:08
        Ending Time:  22:39:10
       Elapsed Time:  00:00:02



MUTHEN & MUTHEN
3463 Stoner Ave.
Los Angeles, CA  90066

Tel: (310) 391-9971
Fax: (310) 391-8971
Web: www.StatModel.com
Support: Support@StatModel.com

Copyright (c) 1998-2015 Muthen & Muthen
